<?xml version="1.0" encoding="UTF-8"?>
<!-- Generated by org.testng.reporters.JUnitReportReporter -->
<testsuite hostname="TYSS-Sachin" failures="0" tests="1" name="CRUDwithBDD.getAllProjects" time="1.114" errors="0" timestamp="2022-11-06T21:11:46 IST" skipped="0">
  <testcase classname="CRUDwithBDD.getAllProjects" name="getAllProj" time="1.114"/>
  <system-out/>
</testsuite> <!-- CRUDwithBDD.getAllProjects -->
