<?xml version="1.0" encoding="UTF-8"?>
<!-- Generated by org.testng.reporters.JUnitReportReporter -->
<testsuite hostname="TYSS-Sachin" failures="0" tests="1" name="parameters.pathParameterToGetSingleProject" time="1.061" errors="0" timestamp="2022-11-09T10:39:34 IST" skipped="0">
  <testcase classname="parameters.pathParameterToGetSingleProject" name="pathTest" time="1.061"/>
  <system-out/>
</testsuite> <!-- parameters.pathParameterToGetSingleProject -->
