<?xml version="1.0" encoding="UTF-8"?>
<!-- Generated by org.testng.reporters.JUnitReportReporter -->
<testsuite hostname="TYSS-Sachin" failures="0" tests="1" name="parameters.pathParametertoDeleteProject" time="1.113" errors="0" timestamp="2022-11-09T08:05:57 IST" skipped="0">
  <testcase classname="parameters.pathParametertoDeleteProject" name="pathTest" time="1.113"/>
  <system-out/>
</testsuite> <!-- parameters.pathParametertoDeleteProject -->
