<?xml version="1.0" encoding="UTF-8"?>
<!-- Generated by org.testng.reporters.JUnitReportReporter -->
<testsuite hostname="TYSS-Sachin" failures="0" tests="1" name="validation.DynamicResponseValidation" time="1.611" errors="0" timestamp="2022-11-10T10:27:47 IST" skipped="0">
  <testcase classname="validation.DynamicResponseValidation" name="dynamicRespValidTest" time="1.611"/>
  <system-out/>
</testsuite> <!-- validation.DynamicResponseValidation -->
