<?xml version="1.0" encoding="UTF-8"?>
<!-- Generated by org.testng.reporters.JUnitReportReporter -->
<testsuite hostname="TYSS-Sachin" failures="0" tests="1" name="CRUDwithBDD.createProject" time="1.486" errors="0" timestamp="2022-11-09T12:57:55 IST" skipped="0">
  <testcase classname="CRUDwithBDD.createProject" name="createProjTest" time="1.486"/>
  <system-out/>
</testsuite> <!-- CRUDwithBDD.createProject -->
