<?xml version="1.0" encoding="UTF-8"?>
<!-- Generated by org.testng.reporters.JUnitReportReporter -->
<testsuite hostname="TYSS-Sachin" failures="0" tests="4" name="dataDrivenTesting.dataProvider" time="1.452" errors="0" timestamp="2022-11-08T10:21:44 IST" skipped="0">
  <testcase classname="dataDrivenTesting.dataProvider" name="dataProviderTest" time="0.029"/>
  <system-out/>
  <testcase classname="dataDrivenTesting.dataProvider" name="dataProviderTest" time="0.028"/>
  <system-out/>
  <testcase classname="dataDrivenTesting.dataProvider" name="dataProviderTest" time="1.374"/>
  <system-out/>
  <testcase classname="dataDrivenTesting.dataProvider" name="dataProviderTest" time="0.021"/>
  <system-out/>
</testsuite> <!-- dataDrivenTesting.dataProvider -->
