<?xml version="1.0" encoding="UTF-8"?>
<!-- Generated by org.testng.reporters.JUnitReportReporter -->
<testsuite hostname="TYSS-Sachin" failures="0" tests="1" name="authentication.Ouath2" time="5.645" errors="0" timestamp="2022-11-11T08:52:41 IST" skipped="0">
  <testcase classname="authentication.Ouath2" name="ouath" time="5.645"/>
  <system-out/>
</testsuite> <!-- authentication.Ouath2 -->
