<?xml version="1.0" encoding="UTF-8"?>
<!-- Generated by org.testng.reporters.JUnitReportReporter -->
<testsuite hostname="TYSS-Sachin" failures="0" tests="1" name="validation.StaticResponseValidationGet" time="1.492" errors="0" timestamp="2022-11-09T12:39:13 IST" skipped="0">
  <testcase classname="validation.StaticResponseValidationGet" name="staticTest" time="1.492"/>
  <system-out/>
</testsuite> <!-- validation.StaticResponseValidationGet -->
