<?xml version="1.0" encoding="UTF-8"?>
<!-- Generated by org.testng.reporters.JUnitReportReporter -->
<testsuite hostname="TYSS-Sachin" failures="0" tests="1" name="requestChaining" time="1.796" errors="0" timestamp="2022-11-10T20:49:52 IST" skipped="0">
  <testcase classname="requestChaining" name="requestChain" time="1.796"/>
  <system-out/>
</testsuite> <!-- requestChaining -->
