<?xml version="1.0" encoding="UTF-8"?>
<!-- Generated by org.testng.reporters.JUnitReportReporter -->
<testsuite hostname="TYSS-Sachin" failures="0" tests="1" name="CRUDwithBDD.getAllProject" time="1.158" errors="0" timestamp="2022-11-11T10:49:36 IST" skipped="0">
  <testcase classname="CRUDwithBDD.getAllProject" name="getAllProjTest" time="1.158"/>
  <system-out/>
</testsuite> <!-- CRUDwithBDD.getAllProject -->
