<?xml version="1.0" encoding="UTF-8"?>
<!-- Generated by org.testng.reporters.JUnitReportReporter -->
<testsuite hostname="TYSS-Sachin" failures="0" tests="1" name="authentication.BearerToken" time="3.195" errors="0" timestamp="2022-11-11T10:59:39 IST" skipped="0">
  <testcase classname="authentication.BearerToken" name="bearerToke" time="3.195"/>
  <system-out/>
</testsuite> <!-- authentication.BearerToken -->
