<?xml version="1.0" encoding="UTF-8"?>
<!-- Generated by org.testng.reporters.JUnitReportReporter -->
<testsuite hostname="TYSS-Sachin" failures="0" tests="1" name="parameters.pathParameterToUpdateProject" time="1.430" errors="0" timestamp="2022-11-09T08:14:29 IST" skipped="0">
  <testcase classname="parameters.pathParameterToUpdateProject" name="pathParaTest" time="1.430"/>
  <system-out/>
</testsuite> <!-- parameters.pathParameterToUpdateProject -->
