<?xml version="1.0" encoding="UTF-8"?>
<!-- Generated by org.testng.reporters.JUnitReportReporter -->
<testsuite hostname="TYSS-Sachin" failures="0" tests="3" name="dataDrivenTesting.usingDataProvider" time="1.882" errors="0" timestamp="2022-11-08T08:50:55 IST" skipped="0">
  <testcase classname="dataDrivenTesting.usingDataProvider" name="dataTest" time="0.029"/>
  <system-out/>
  <testcase classname="dataDrivenTesting.usingDataProvider" name="dataTest" time="1.810"/>
  <system-out/>
  <testcase classname="dataDrivenTesting.usingDataProvider" name="dataTest" time="0.043"/>
  <system-out/>
</testsuite> <!-- dataDrivenTesting.usingDataProvider -->
