<?xml version="1.0" encoding="UTF-8"?>
<!-- Generated by org.testng.reporters.JUnitReportReporter -->
<testsuite hostname="TYSS-Sachin" failures="0" tests="1" name="parameters.queryParameter" time="2.627" errors="0" timestamp="2022-11-09T12:17:03 IST" skipped="0">
  <testcase classname="parameters.queryParameter" name="queryPara" time="2.627"/>
  <system-out/>
</testsuite> <!-- parameters.queryParameter -->
