<?xml version="1.0" encoding="UTF-8"?>
<!-- Generated by org.testng.reporters.JUnitReportReporter -->
<testsuite hostname="TYSS-Sachin" failures="0" tests="1" name="parameters.pathParameter" time="1.131" errors="0" timestamp="2022-11-09T07:48:18 IST" skipped="0">
  <testcase classname="parameters.pathParameter" name="pathTest" time="1.131"/>
  <system-out/>
</testsuite> <!-- parameters.pathParameter -->
