<?xml version="1.0" encoding="UTF-8"?>
<!-- Generated by org.testng.reporters.JUnitReportReporter -->
<testsuite hostname="TYSS-Sachin" failures="0" tests="1" name="CRUDWithoutBDD.GetAllProjects" time="1.487" errors="0" timestamp="2023-02-20T08:36:37 IST" skipped="0">
  <testcase classname="CRUDWithoutBDD.GetAllProjects" name="getAllProj" time="1.487"/>
  <system-out/>
</testsuite> <!-- CRUDWithoutBDD.GetAllProjects -->
