<?xml version="1.0" encoding="UTF-8"?>
<!-- Generated by org.testng.reporters.JUnitReportReporter -->
<testsuite hostname="TYSS-Sachin" failures="0" tests="1" name="SerializationAndDeserialization.seriOBJ" time="0.155" errors="0" timestamp="2023-02-16T23:45:54 IST" skipped="0">
  <testcase classname="SerializationAndDeserialization.seriOBJ" name="sb" time="0.155"/>
  <system-out/>
</testsuite> <!-- SerializationAndDeserialization.seriOBJ -->
