<?xml version="1.0" encoding="UTF-8"?>
<!-- Generated by org.testng.reporters.JUnitReportReporter -->
<testsuite hostname="TYSS-Sachin" failures="0" tests="1" name="SerializationAndDeserialization.EmployeeDeserializationn" time="0.178" errors="0" timestamp="2023-02-17T14:30:04 IST" skipped="0">
  <testcase classname="SerializationAndDeserialization.EmployeeDeserializationn" name="emplDese" time="0.178"/>
  <system-out/>
</testsuite> <!-- SerializationAndDeserialization.EmployeeDeserializationn -->
