<?xml version="1.0" encoding="UTF-8"?>
<!-- Generated by org.testng.reporters.JUnitReportReporter -->
<testsuite hostname="TYSS-Sachin" failures="0" tests="1" name="CRUDWithBDD.CreateProject" time="1.621" errors="0" timestamp="2023-02-20T10:37:05 IST" skipped="0">
  <testcase classname="CRUDWithBDD.CreateProject" name="createProj" time="1.621"/>
  <system-out/>
</testsuite> <!-- CRUDWithBDD.CreateProject -->
