<?xml version="1.0" encoding="UTF-8"?>
<!-- Generated by org.testng.reporters.JUnitReportReporter -->
<testsuite hostname="TYSS-Sachin" failures="0" tests="1" name="SerializationAndDeserialization.deserA" time="0.160" errors="0" timestamp="2023-02-16T23:49:15 IST" skipped="0">
  <testcase classname="SerializationAndDeserialization.deserA" name="ds" time="0.160"/>
  <system-out/>
</testsuite> <!-- SerializationAndDeserialization.deserA -->
