<?xml version="1.0" encoding="UTF-8"?>
<!-- Generated by org.testng.reporters.JUnitReportReporter -->
<testsuite hostname="TYSS-Sachin" failures="0" tests="1" name="SerializationAndDeserialization.EmployeeDeserialization" time="0.151" errors="0" timestamp="2023-02-17T07:37:23 IST" skipped="0">
  <testcase classname="SerializationAndDeserialization.EmployeeDeserialization" name="emplDese" time="0.151"/>
  <system-out/>
</testsuite> <!-- SerializationAndDeserialization.EmployeeDeserialization -->
