<?xml version="1.0" encoding="UTF-8"?>
<!-- Generated by org.testng.reporters.JUnitReportReporter -->
<testsuite hostname="TYSS-Sachin" failures="0" tests="1" name="SerializationAndDeserialization.EmployeeSerializationWithObject" time="0.144" errors="0" timestamp="2023-02-17T08:09:13 IST" skipped="0">
  <testcase classname="SerializationAndDeserialization.EmployeeSerializationWithObject" name="emplSeriWithObje" time="0.144"/>
  <system-out/>
</testsuite> <!-- SerializationAndDeserialization.EmployeeSerializationWithObject -->
