<?xml version="1.0" encoding="UTF-8"?>
<!-- Generated by org.testng.reporters.JUnitReportReporter -->
<testsuite hostname="TYSS-Sachin" failures="0" tests="1" name="SerializationAndDeserialization.desre" time="0.158" errors="0" timestamp="2023-02-16T23:35:35 IST" skipped="0">
  <testcase classname="SerializationAndDeserialization.desre" name="sd" time="0.158"/>
  <system-out/>
</testsuite> <!-- SerializationAndDeserialization.desre -->
