<?xml version="1.0" encoding="UTF-8"?>
<!-- Generated by org.testng.reporters.JUnitReportReporter -->
<testsuite hostname="TYSS-Sachin" failures="0" tests="1" name="CRUDWithoutBDD.GetSingleProject" time="1.936" errors="0" timestamp="2023-02-17T15:39:01 IST" skipped="0">
  <testcase classname="CRUDWithoutBDD.GetSingleProject" name="getSingleProject" time="1.936"/>
  <system-out/>
</testsuite> <!-- CRUDWithoutBDD.GetSingleProject -->
