<?xml version="1.0" encoding="UTF-8"?>
<!-- Generated by org.testng.reporters.JUnitReportReporter -->
<testsuite hostname="TYSS-Sachin" failures="0" tests="1" name="Validation.StaticResponseValidation" time="3.279" errors="0" timestamp="2023-02-21T14:49:08 IST" skipped="0">
  <testcase classname="Validation.StaticResponseValidation" name="staticValid" time="3.279"/>
  <system-out/>
</testsuite> <!-- Validation.StaticResponseValidation -->
