<?xml version="1.0" encoding="UTF-8"?>
<!-- Generated by org.testng.reporters.JUnitReportReporter -->
<testsuite hostname="TYSS-Sachin" failures="0" tests="1" name="CRUDWithoutBDD.DeleteProject" time="1.985" errors="0" timestamp="2023-02-17T16:54:30 IST" skipped="0">
  <testcase classname="CRUDWithoutBDD.DeleteProject" name="deleteProj" time="1.985"/>
  <system-out/>
</testsuite> <!-- CRUDWithoutBDD.DeleteProject -->
