<?xml version="1.0" encoding="UTF-8"?>
<!-- Generated by org.testng.reporters.JUnitReportReporter -->
<testsuite hostname="TYSS-Sachin" failures="0" tests="1" name="CRUDWithoutBDD.UpdateProject" time="1.863" errors="0" timestamp="2023-02-17T16:52:05 IST" skipped="0">
  <testcase classname="CRUDWithoutBDD.UpdateProject" name="updatProj" time="1.863"/>
  <system-out/>
</testsuite> <!-- CRUDWithoutBDD.UpdateProject -->
