<?xml version="1.0" encoding="UTF-8"?>
<!-- Generated by org.testng.reporters.JUnitReportReporter -->
<testsuite hostname="TYSS-Sachin" failures="0" tests="1" name="Practise.RequestSpecBuil" time="4.051" errors="0" timestamp="2023-03-02T14:02:00 IST" skipped="0">
  <testcase classname="Practise.RequestSpecBuil" name="reqSpecBuil" time="4.051"/>
  <system-out/>
</testsuite> <!-- Practise.RequestSpecBuil -->
