<?xml version="1.0" encoding="UTF-8"?>
<!-- Generated by org.testng.reporters.JUnitReportReporter -->
<testsuite hostname="TYSS-Sachin" failures="0" tests="1" name="SerializationAndDeserialization.EmployeeSerialization" time="0.136" errors="0" timestamp="2023-02-17T10:29:24 IST" skipped="0">
  <testcase classname="SerializationAndDeserialization.EmployeeSerialization" name="employSeri" time="0.136"/>
  <system-out/>
</testsuite> <!-- SerializationAndDeserialization.EmployeeSerialization -->
