<?xml version="1.0" encoding="UTF-8"?>
<!-- Generated by org.testng.reporters.JUnitReportReporter -->
<testsuite hostname="TYSS-Sachin" failures="0" tests="1" name="SerializationAndDeserialization.EmployeeDeserializationWithArray" time="0.157" errors="0" timestamp="2023-02-17T07:48:08 IST" skipped="0">
  <testcase classname="SerializationAndDeserialization.EmployeeDeserializationWithArray" name="EmpDesrArray" time="0.157"/>
  <system-out/>
</testsuite> <!-- SerializationAndDeserialization.EmployeeDeserializationWithArray -->
