<?xml version="1.0" encoding="UTF-8"?>
<!-- Generated by org.testng.reporters.JUnitReportReporter -->
<testsuite hostname="TYSS-Sachin" failures="0" tests="1" name="SerializationAndDeserialization.desrer" time="0.149" errors="0" timestamp="2023-02-16T23:13:12 IST" skipped="0">
  <testcase classname="SerializationAndDeserialization.desrer" name="ds" time="0.149"/>
  <system-out/>
</testsuite> <!-- SerializationAndDeserialization.desrer -->
