<?xml version="1.0" encoding="UTF-8"?>
<!-- Generated by org.testng.reporters.JUnitReportReporter -->
<testsuite hostname="TYSS-Sachin" failures="0" tests="1" name="CRUDWithBDD.GetAllProjects" time="2.151" errors="0" timestamp="2023-02-20T16:46:26 IST" skipped="0">
  <testcase classname="CRUDWithBDD.GetAllProjects" name="getAllProj" time="2.151"/>
  <system-out/>
</testsuite> <!-- CRUDWithBDD.GetAllProjects -->
