<?xml version="1.0" encoding="UTF-8"?>
<!-- Generated by org.testng.reporters.JUnitReportReporter -->
<testsuite hostname="TYSS-Sachin" failures="0" tests="1" name="DifferentWaysToPostARequest.JsonFile" time="1.273" errors="0" timestamp="2023-02-20T15:58:41 IST" skipped="0">
  <testcase classname="DifferentWaysToPostARequest.JsonFile" name="jsonFile" time="1.273"/>
  <system-out/>
</testsuite> <!-- DifferentWaysToPostARequest.JsonFile -->
