<?xml version="1.0" encoding="UTF-8"?>
<!-- Generated by org.testng.reporters.JUnitReportReporter -->
<testsuite hostname="TYSS-Sachin" failures="0" tests="1" name="CRUDWithBDD.UpdateProject" time="1.387" errors="0" timestamp="2023-02-20T08:38:32 IST" skipped="0">
  <testcase classname="CRUDWithBDD.UpdateProject" name="updateProj" time="1.387"/>
  <system-out/>
</testsuite> <!-- CRUDWithBDD.UpdateProject -->
