<?xml version="1.0" encoding="UTF-8"?>
<!-- Generated by org.testng.reporters.JUnitReportReporter -->
<testsuite hostname="TYSS-Sachin" failures="0" tests="1" name="SerializationAndDeserialization.EmpWithArray" time="0.147" errors="0" timestamp="2023-02-16T22:49:15 IST" skipped="0">
  <testcase classname="SerializationAndDeserialization.EmpWithArray" name="empArr" time="0.147"/>
  <system-out/>
</testsuite> <!-- SerializationAndDeserialization.EmpWithArray -->
