<?xml version="1.0" encoding="UTF-8"?>
<!-- Generated by org.testng.reporters.JUnitReportReporter -->
<testsuite hostname="TYSS-Sachin" failures="0" tests="1" name="SerializationAndDeserialization.deserializationWithArray" time="0.163" errors="0" timestamp="2023-02-16T22:53:42 IST" skipped="0">
  <testcase classname="SerializationAndDeserialization.deserializationWithArray" name="desrial" time="0.163"/>
  <system-out/>
</testsuite> <!-- SerializationAndDeserialization.deserializationWithArray -->
