<?xml version="1.0" encoding="UTF-8"?>
<!-- Generated by org.testng.reporters.JUnitReportReporter -->
<testsuite hostname="TYSS-Sachin" failures="0" tests="1" name="SerializationAndDeserialization.serialObj" time="0.150" errors="0" timestamp="2023-02-16T23:31:22 IST" skipped="0">
  <testcase classname="SerializationAndDeserialization.serialObj" name="sd" time="0.150"/>
  <system-out/>
</testsuite> <!-- SerializationAndDeserialization.serialObj -->
