<?xml version="1.0" encoding="UTF-8"?>
<!-- Generated by org.testng.reporters.JUnitReportReporter -->
<testsuite hostname="TYSS-Sachin" failures="0" tests="1" name="Parameters.QueryParameter" time="1.190" errors="0" timestamp="2023-02-20T16:55:25 IST" skipped="0">
  <testcase classname="Parameters.QueryParameter" name="QuerPara" time="1.190"/>
  <system-out/>
</testsuite> <!-- Parameters.QueryParameter -->
