<?xml version="1.0" encoding="UTF-8"?>
<!-- Generated by org.testng.reporters.JUnitReportReporter -->
<testsuite hostname="TYSS-Sachin" failures="0" tests="1" name="Parameters.PathParameter" time="1.218" errors="0" timestamp="2023-02-20T16:48:00 IST" skipped="0">
  <testcase classname="Parameters.PathParameter" name="path" time="1.218"/>
  <system-out/>
</testsuite> <!-- Parameters.PathParameter -->
