<?xml version="1.0" encoding="UTF-8"?>
<!-- Generated by org.testng.reporters.JUnitReportReporter -->
<testsuite hostname="TYSS-Sachin" failures="0" tests="1" name="SerializationAndDeserialization.EmployeeDeserializationWithObject" time="2.171" errors="0" timestamp="2023-02-17T10:29:14 IST" skipped="0">
  <testcase classname="SerializationAndDeserialization.EmployeeDeserializationWithObject" name="emplDeserObj" time="2.171"/>
  <system-out/>
</testsuite> <!-- SerializationAndDeserialization.EmployeeDeserializationWithObject -->
