<?xml version="1.0" encoding="UTF-8"?>
<!-- Generated by org.testng.reporters.JUnitReportReporter -->
<testsuite hostname="TYSS-Sachin" failures="0" tests="1" name="SerializationAndDeserialization.SerializationObject" time="0.142" errors="0" timestamp="2023-02-16T23:03:24 IST" skipped="0">
  <testcase classname="SerializationAndDeserialization.SerializationObject" name="SeO" time="0.142"/>
  <system-out/>
</testsuite> <!-- SerializationAndDeserialization.SerializationObject -->
