<?xml version="1.0" encoding="UTF-8"?>
<!-- Generated by org.testng.reporters.JUnitReportReporter -->
<testsuite hostname="TYSS-Sachin" failures="0" tests="1" name="Validation.DynamicResponseValidation" time="3.165" errors="0" timestamp="2023-02-21T14:49:40 IST" skipped="0">
  <testcase classname="Validation.DynamicResponseValidation" name="dynamicResp" time="3.165"/>
  <system-out/>
</testsuite> <!-- Validation.DynamicResponseValidation -->
