<?xml version="1.0" encoding="UTF-8"?>
<!-- Generated by org.testng.reporters.JUnitReportReporter -->
<testsuite hostname="TYSS-Sachin" failures="0" tests="1" name="RequestChaining" time="2.190" errors="0" timestamp="2023-02-22T10:39:00 IST" skipped="0">
  <testcase classname="RequestChaining" name="requestChaining" time="2.190"/>
  <system-out/>
</testsuite> <!-- RequestChaining -->
