<?xml version="1.0" encoding="UTF-8"?>
<!-- Generated by org.testng.reporters.JUnitReportReporter -->
<testsuite hostname="TYSS-Sachin" failures="0" tests="3" name="DataDrivenTesting.DDT" time="1.697" errors="0" timestamp="2023-02-22T12:20:06 IST" skipped="0">
  <testcase classname="DataDrivenTesting.DDT" name="createProject" time="0.126"/>
  <system-out/>
  <testcase classname="DataDrivenTesting.DDT" name="createProject" time="0.109"/>
  <system-out/>
  <testcase classname="DataDrivenTesting.DDT" name="createProject" time="1.462"/>
  <system-out/>
</testsuite> <!-- DataDrivenTesting.DDT -->
