<?xml version="1.0" encoding="UTF-8"?>
<!-- Generated by org.testng.reporters.JUnitReportReporter -->
<testsuite hostname="TYSS-Sachin" failures="0" tests="1" name="Authentication.digestiveAuth" time="2.120" errors="0" timestamp="2023-02-23T10:35:25 IST" skipped="0">
  <testcase classname="Authentication.digestiveAuth" name="digestivAuth" time="2.120"/>
  <system-out/>
</testsuite> <!-- Authentication.digestiveAuth -->
