<?xml version="1.0" encoding="UTF-8"?>
<!-- Generated by org.testng.reporters.JUnitReportReporter -->
<testsuite hostname="TYSS-Sachin" failures="0" tests="1" name="Authentication.Auth_2" time="3.735" errors="0" timestamp="2023-02-23T15:15:58 IST" skipped="0">
  <testcase classname="Authentication.Auth_2" name="auth2" time="3.735"/>
  <system-out/>
</testsuite> <!-- Authentication.Auth_2 -->
