<?xml version="1.0" encoding="UTF-8"?>
<!-- Generated by org.testng.reporters.JUnitReportReporter -->
<testsuite hostname="TYSS-Sachin" failures="0" tests="1" name="Authentication.basicAuth" time="2.899" errors="0" timestamp="2023-02-23T10:33:38 IST" skipped="0">
  <testcase classname="Authentication.basicAuth" name="basicAut" time="2.899"/>
  <system-out/>
</testsuite> <!-- Authentication.basicAuth -->
