<?xml version="1.0" encoding="UTF-8"?>
<!-- Generated by org.testng.reporters.JUnitReportReporter -->
<testsuite hostname="TYSS-Sachin" failures="0" tests="1" name="CRUDWithoutBDD.CreateProject" time="1.842" errors="0" timestamp="2023-02-17T15:52:19 IST" skipped="0">
  <testcase classname="CRUDWithoutBDD.CreateProject" name="createProj" time="1.842"/>
  <system-out/>
</testsuite> <!-- CRUDWithoutBDD.CreateProject -->
